<?xml version="1.0" encoding="UTF-8"?>
<!-- Generated by org.testng.reporters.JUnitXMLReporter -->
<testsuite ignored="0" hostname="LAPTOP-50EOP4VT" failures="0" tests="17" name="Test" time="465.214" errors="0" timestamp="2023-12-09T14:43:36 IST">
  <testcase classname="testP2.TC0001__SignuptestP2" name="Register" time="14.961"/>
  <testcase classname="testP2.TC0002__LogintestP2" name="Login" time="1.391"/>
  <testcase classname="testP2.TC0003__OnewaytriptestP2" name="oneway" time="76.868"/>
  <testcase classname="testP2.TC0004__RoundTripP2" name="RoundTrip" time="76.474"/>
  <testcase classname="testP2.TC0005__invalidSignin" name="invalidsignin" time="13.423"/>
  <testcase classname="testP2.TC0006__InvalidLogin" name="invalidlogin" time="3.986"/>
  <testcase classname="testP2.TC0007__invalidonewayP2" name="invaloneway" time="7.34"/>
  <testcase classname="testP2.TC0008__invalidRoundwayP2" name="invalRoundway" time="36.206"/>
  <testcase classname="testP2.TC0009__Checkstapage" name="status" time="6.86"/>
  <testcase classname="testP2.TC0010__FlightStatusP2" name="FlightSta" time="16.445"/>
  <testcase classname="testP2.TC0011__MangeBookP2" name="ManageBooking1" time="4.057"/>
  <testcase classname="testP2.TC0012_NegLoginss" name="Neglog" time="6.419"/>
  <testcase classname="testP2.TC0012_NegLoginss" name="Neglog" time="6.328"/>
  <testcase classname="testP2.TC0012_NegLoginss" name="Neglog" time="6.247"/>
  <testcase classname="testP2.TC0013_NegSiginss" name="negSigntest" time="11.193"/>
  <testcase classname="testP2.TC0013_NegSiginss" name="negSigntest" time="11.346"/>
  <testcase classname="testP2.TC0013_NegSiginss" name="negSigntest" time="11.744"/>
</testsuite> <!-- Test -->
