<?xml version="1.0" encoding="UTF-8"?>
<!-- Generated by org.testng.reporters.JUnitXMLReporter -->
<testsuite ignored="0" hostname="LAPTOP-50EOP4VT" failures="0" tests="11" name="Test" time="388.413" errors="0" timestamp="2023-11-25T10:10:23 IST">
  <testcase classname="testP2.TC0001__SignuptestP2" name="Register" time="16.128"/>
  <testcase classname="testP2.TC0002__LogintestP2" name="Login" time="1.417"/>
  <testcase classname="testP2.TC0003__OnewaytriptestP2" name="oneway" time="86.32"/>
  <testcase classname="testP2.TC0004__RoundTripP2" name="RoundTrip" time="88.424"/>
  <testcase classname="testP2.TC0005__invalidSignin" name="invalidsignin" time="13.513"/>
  <testcase classname="testP2.TC0006__InvalidLogin" name="invalidlogin" time="0.727"/>
  <testcase classname="testP2.TC0007__invalidonewayP2" name="invaloneway" time="6.283"/>
  <testcase classname="testP2.TC0008__invalidRoundwayP2" name="invalRoundway" time="36.321"/>
  <testcase classname="testP2.TC0009__Checkstapage" name="status" time="6.667"/>
  <testcase classname="testP2.TC0010__FlightStatusP2" name="FlightSta" time="16.852"/>
  <testcase classname="testP2.TC0011__MangeBookP2" name="ManageBooking1" time="4.177"/>
</testsuite> <!-- Test -->
