<?xml version="1.0" encoding="UTF-8"?>
<testng-results ignored="0" total="11" passed="11" failed="0" skipped="0">
  <reporter-output>
  </reporter-output>
  <suite started-at="2023-11-25T10:03:53 IST" name="Suite" finished-at="2023-11-25T10:10:21 IST" duration-ms="388413">
    <groups>
    </groups>
    <test started-at="2023-11-25T10:03:53 IST" name="Test" finished-at="2023-11-25T10:10:21 IST" duration-ms="388413">
      <class name="testP2.TC0008__invalidRoundwayP2">
        <test-method is-config="true" signature="browserlaunch(java.lang.String,java.lang.String)[pri:0, instance:testP2.TC0008__invalidRoundwayP2@264f218]" started-at="2023-11-25T10:08:38 IST" name="browserlaunch" finished-at="2023-11-25T10:08:47 IST" duration-ms="9382" status="PASS">
          <params>
            <param index="0">
              <value>
                <![CDATA[https://www.spicejet.com/]]>
              </value>
            </param>
            <param index="1">
              <value>
                <![CDATA[chrome]]>
              </value>
            </param>
          </params>
          <reporter-output>
          </reporter-output>
        </test-method> <!-- browserlaunch -->
        <test-method signature="invalRoundway()[pri:8, instance:testP2.TC0008__invalidRoundwayP2@264f218]" started-at="2023-11-25T10:08:47 IST" name="invalRoundway" finished-at="2023-11-25T10:09:24 IST" duration-ms="36321" status="PASS">
          <reporter-output>
          </reporter-output>
        </test-method> <!-- invalRoundway -->
        <test-method is-config="true" signature="closebrowser()[pri:0, instance:testP2.TC0008__invalidRoundwayP2@264f218]" started-at="2023-11-25T10:09:24 IST" name="closebrowser" finished-at="2023-11-25T10:09:25 IST" duration-ms="771" status="PASS">
          <reporter-output>
          </reporter-output>
        </test-method> <!-- closebrowser -->
      </class> <!-- testP2.TC0008__invalidRoundwayP2 -->
      <class name="testP2.TC0004__RoundTripP2">
        <test-method is-config="true" signature="browserlaunch(java.lang.String,java.lang.String)[pri:0, instance:testP2.TC0004__RoundTripP2@3cce57c7]" started-at="2023-11-25T10:06:10 IST" name="browserlaunch" finished-at="2023-11-25T10:06:19 IST" duration-ms="8736" status="PASS">
          <params>
            <param index="0">
              <value>
                <![CDATA[https://www.spicejet.com/]]>
              </value>
            </param>
            <param index="1">
              <value>
                <![CDATA[chrome]]>
              </value>
            </param>
          </params>
          <reporter-output>
          </reporter-output>
        </test-method> <!-- browserlaunch -->
        <test-method signature="RoundTrip()[pri:4, instance:testP2.TC0004__RoundTripP2@3cce57c7]" started-at="2023-11-25T10:06:19 IST" name="RoundTrip" finished-at="2023-11-25T10:07:47 IST" duration-ms="88424" status="PASS">
          <reporter-output>
          </reporter-output>
        </test-method> <!-- RoundTrip -->
        <test-method is-config="true" signature="closebrowser()[pri:0, instance:testP2.TC0004__RoundTripP2@3cce57c7]" started-at="2023-11-25T10:07:48 IST" name="closebrowser" finished-at="2023-11-25T10:07:49 IST" duration-ms="889" status="PASS">
          <reporter-output>
          </reporter-output>
        </test-method> <!-- closebrowser -->
      </class> <!-- testP2.TC0004__RoundTripP2 -->
      <class name="testP2.TC0007__invalidonewayP2">
        <test-method is-config="true" signature="browserlaunch(java.lang.String,java.lang.String)[pri:0, instance:testP2.TC0007__invalidonewayP2@4c5ae43b]" started-at="2023-11-25T10:08:21 IST" name="browserlaunch" finished-at="2023-11-25T10:08:30 IST" duration-ms="9016" status="PASS">
          <params>
            <param index="0">
              <value>
                <![CDATA[https://www.spicejet.com/]]>
              </value>
            </param>
            <param index="1">
              <value>
                <![CDATA[chrome]]>
              </value>
            </param>
          </params>
          <reporter-output>
          </reporter-output>
        </test-method> <!-- browserlaunch -->
        <test-method signature="invaloneway()[pri:7, instance:testP2.TC0007__invalidonewayP2@4c5ae43b]" started-at="2023-11-25T10:08:30 IST" name="invaloneway" finished-at="2023-11-25T10:08:37 IST" duration-ms="6283" status="PASS">
          <reporter-output>
          </reporter-output>
        </test-method> <!-- invaloneway -->
        <test-method is-config="true" signature="closebrowser()[pri:0, instance:testP2.TC0007__invalidonewayP2@4c5ae43b]" started-at="2023-11-25T10:08:37 IST" name="closebrowser" finished-at="2023-11-25T10:08:38 IST" duration-ms="706" status="PASS">
          <reporter-output>
          </reporter-output>
        </test-method> <!-- closebrowser -->
      </class> <!-- testP2.TC0007__invalidonewayP2 -->
      <class name="testP2.TC0010__FlightStatusP2">
        <test-method is-config="true" signature="browserlaunch(java.lang.String,java.lang.String)[pri:0, instance:testP2.TC0010__FlightStatusP2@35b74c5c]" started-at="2023-11-25T10:09:41 IST" name="browserlaunch" finished-at="2023-11-25T10:09:50 IST" duration-ms="8377" status="PASS">
          <params>
            <param index="0">
              <value>
                <![CDATA[https://www.spicejet.com/]]>
              </value>
            </param>
            <param index="1">
              <value>
                <![CDATA[chrome]]>
              </value>
            </param>
          </params>
          <reporter-output>
          </reporter-output>
        </test-method> <!-- browserlaunch -->
        <test-method signature="FlightSta()[pri:10, instance:testP2.TC0010__FlightStatusP2@35b74c5c]" started-at="2023-11-25T10:09:50 IST" name="FlightSta" finished-at="2023-11-25T10:10:07 IST" duration-ms="16852" status="PASS">
          <reporter-output>
          </reporter-output>
        </test-method> <!-- FlightSta -->
        <test-method is-config="true" signature="closebrowser()[pri:0, instance:testP2.TC0010__FlightStatusP2@35b74c5c]" started-at="2023-11-25T10:10:07 IST" name="closebrowser" finished-at="2023-11-25T10:10:07 IST" duration-ms="603" status="PASS">
          <reporter-output>
          </reporter-output>
        </test-method> <!-- closebrowser -->
      </class> <!-- testP2.TC0010__FlightStatusP2 -->
      <class name="testP2.TC0011__MangeBookP2">
        <test-method is-config="true" signature="browserlaunch(java.lang.String,java.lang.String)[pri:0, instance:testP2.TC0011__MangeBookP2@2e570ded]" started-at="2023-11-25T10:10:07 IST" name="browserlaunch" finished-at="2023-11-25T10:10:15 IST" duration-ms="7769" status="PASS">
          <params>
            <param index="0">
              <value>
                <![CDATA[https://www.spicejet.com/]]>
              </value>
            </param>
            <param index="1">
              <value>
                <![CDATA[chrome]]>
              </value>
            </param>
          </params>
          <reporter-output>
          </reporter-output>
        </test-method> <!-- browserlaunch -->
        <test-method signature="ManageBooking1()[pri:11, instance:testP2.TC0011__MangeBookP2@2e570ded]" started-at="2023-11-25T10:10:15 IST" name="ManageBooking1" finished-at="2023-11-25T10:10:19 IST" duration-ms="4177" status="PASS">
          <reporter-output>
          </reporter-output>
        </test-method> <!-- ManageBooking1 -->
        <test-method is-config="true" signature="closebrowser()[pri:0, instance:testP2.TC0011__MangeBookP2@2e570ded]" started-at="2023-11-25T10:10:21 IST" name="closebrowser" finished-at="2023-11-25T10:10:21 IST" duration-ms="825" status="PASS">
          <reporter-output>
          </reporter-output>
        </test-method> <!-- closebrowser -->
      </class> <!-- testP2.TC0011__MangeBookP2 -->
      <class name="testP2.TC0005__invalidSignin">
        <test-method is-config="true" signature="browserlaunch(java.lang.String,java.lang.String)[pri:0, instance:testP2.TC0005__invalidSignin@1cf56a1c]" started-at="2023-11-25T10:07:49 IST" name="browserlaunch" finished-at="2023-11-25T10:07:57 IST" duration-ms="8032" status="PASS">
          <params>
            <param index="0">
              <value>
                <![CDATA[https://www.spicejet.com/]]>
              </value>
            </param>
            <param index="1">
              <value>
                <![CDATA[chrome]]>
              </value>
            </param>
          </params>
          <reporter-output>
          </reporter-output>
        </test-method> <!-- browserlaunch -->
        <test-method signature="invalidsignin()[pri:5, instance:testP2.TC0005__invalidSignin@1cf56a1c]" started-at="2023-11-25T10:07:57 IST" name="invalidsignin" finished-at="2023-11-25T10:08:10 IST" duration-ms="13513" status="PASS">
          <reporter-output>
          </reporter-output>
        </test-method> <!-- invalidsignin -->
        <test-method is-config="true" signature="closebrowser()[pri:0, instance:testP2.TC0005__invalidSignin@1cf56a1c]" started-at="2023-11-25T10:08:10 IST" name="closebrowser" finished-at="2023-11-25T10:08:11 IST" duration-ms="622" status="PASS">
          <reporter-output>
          </reporter-output>
        </test-method> <!-- closebrowser -->
      </class> <!-- testP2.TC0005__invalidSignin -->
      <class name="testP2.TC0002__LogintestP2">
        <test-method is-config="true" signature="ReadExcel()[pri:0, instance:testP2.TC0002__LogintestP2@1f760b47]" started-at="2023-11-25T10:03:53 IST" name="ReadExcel" finished-at="2023-11-25T10:03:53 IST" duration-ms="19" status="PASS">
          <reporter-output>
          </reporter-output>
        </test-method> <!-- ReadExcel -->
        <test-method is-config="true" signature="browserlaunch(java.lang.String,java.lang.String)[pri:0, instance:testP2.TC0002__LogintestP2@1f760b47]" started-at="2023-11-25T10:04:23 IST" name="browserlaunch" finished-at="2023-11-25T10:04:32 IST" duration-ms="8948" status="PASS">
          <params>
            <param index="0">
              <value>
                <![CDATA[https://www.spicejet.com/]]>
              </value>
            </param>
            <param index="1">
              <value>
                <![CDATA[chrome]]>
              </value>
            </param>
          </params>
          <reporter-output>
          </reporter-output>
        </test-method> <!-- browserlaunch -->
        <test-method signature="Login(java.lang.String,java.lang.String)[pri:2, instance:testP2.TC0002__LogintestP2@1f760b47]" started-at="2023-11-25T10:04:32 IST" name="Login" data-provider="getdata" finished-at="2023-11-25T10:04:33 IST" duration-ms="1417" status="PASS">
          <params>
            <param index="0">
              <value>
                <![CDATA[Vignesh735556832831@gmail.com]]>
              </value>
            </param>
            <param index="1">
              <value>
                <![CDATA[Vignesh@123]]>
              </value>
            </param>
          </params>
          <reporter-output>
          </reporter-output>
        </test-method> <!-- Login -->
        <test-method is-config="true" signature="closebrowser()[pri:0, instance:testP2.TC0002__LogintestP2@1f760b47]" started-at="2023-11-25T10:04:33 IST" name="closebrowser" finished-at="2023-11-25T10:04:34 IST" duration-ms="811" status="PASS">
          <reporter-output>
          </reporter-output>
        </test-method> <!-- closebrowser -->
      </class> <!-- testP2.TC0002__LogintestP2 -->
      <class name="testP2.TC0003__OnewaytriptestP2">
        <test-method is-config="true" signature="browserlaunch(java.lang.String,java.lang.String)[pri:0, instance:testP2.TC0003__OnewaytriptestP2@18ece7f4]" started-at="2023-11-25T10:04:34 IST" name="browserlaunch" finished-at="2023-11-25T10:04:43 IST" duration-ms="8527" status="PASS">
          <params>
            <param index="0">
              <value>
                <![CDATA[https://www.spicejet.com/]]>
              </value>
            </param>
            <param index="1">
              <value>
                <![CDATA[chrome]]>
              </value>
            </param>
          </params>
          <reporter-output>
          </reporter-output>
        </test-method> <!-- browserlaunch -->
        <test-method signature="oneway()[pri:3, instance:testP2.TC0003__OnewaytriptestP2@18ece7f4]" started-at="2023-11-25T10:04:43 IST" name="oneway" finished-at="2023-11-25T10:06:09 IST" duration-ms="86320" status="PASS">
          <reporter-output>
          </reporter-output>
        </test-method> <!-- oneway -->
        <test-method is-config="true" signature="closebrowser()[pri:0, instance:testP2.TC0003__OnewaytriptestP2@18ece7f4]" started-at="2023-11-25T10:06:09 IST" name="closebrowser" finished-at="2023-11-25T10:06:10 IST" duration-ms="1002" status="PASS">
          <reporter-output>
          </reporter-output>
        </test-method> <!-- closebrowser -->
      </class> <!-- testP2.TC0003__OnewaytriptestP2 -->
      <class name="testP2.TC0009__Checkstapage">
        <test-method is-config="true" signature="browserlaunch(java.lang.String,java.lang.String)[pri:0, instance:testP2.TC0009__Checkstapage@3576ddc2]" started-at="2023-11-25T10:09:25 IST" name="browserlaunch" finished-at="2023-11-25T10:09:33 IST" duration-ms="8323" status="PASS">
          <params>
            <param index="0">
              <value>
                <![CDATA[https://www.spicejet.com/]]>
              </value>
            </param>
            <param index="1">
              <value>
                <![CDATA[chrome]]>
              </value>
            </param>
          </params>
          <reporter-output>
          </reporter-output>
        </test-method> <!-- browserlaunch -->
        <test-method signature="status()[pri:9, instance:testP2.TC0009__Checkstapage@3576ddc2]" started-at="2023-11-25T10:09:33 IST" name="status" finished-at="2023-11-25T10:09:40 IST" duration-ms="6667" status="PASS">
          <reporter-output>
          </reporter-output>
        </test-method> <!-- status -->
        <test-method is-config="true" signature="closebrowser()[pri:0, instance:testP2.TC0009__Checkstapage@3576ddc2]" started-at="2023-11-25T10:09:41 IST" name="closebrowser" finished-at="2023-11-25T10:09:41 IST" duration-ms="833" status="PASS">
          <reporter-output>
          </reporter-output>
        </test-method> <!-- closebrowser -->
      </class> <!-- testP2.TC0009__Checkstapage -->
      <class name="testP2.TC0001__SignuptestP2">
        <test-method is-config="true" signature="browserlaunch(java.lang.String,java.lang.String)[pri:0, instance:testP2.TC0001__SignuptestP2@6bb4dd34]" started-at="2023-11-25T10:03:53 IST" name="browserlaunch" finished-at="2023-11-25T10:04:04 IST" duration-ms="11408" status="PASS">
          <params>
            <param index="0">
              <value>
                <![CDATA[https://www.spicejet.com/]]>
              </value>
            </param>
            <param index="1">
              <value>
                <![CDATA[chrome]]>
              </value>
            </param>
          </params>
          <reporter-output>
          </reporter-output>
        </test-method> <!-- browserlaunch -->
        <test-method signature="Register()[pri:1, instance:testP2.TC0001__SignuptestP2@6bb4dd34]" started-at="2023-11-25T10:04:04 IST" name="Register" finished-at="2023-11-25T10:04:21 IST" duration-ms="16128" status="PASS">
          <reporter-output>
          </reporter-output>
        </test-method> <!-- Register -->
        <test-method is-config="true" signature="closebrowser()[pri:0, instance:testP2.TC0001__SignuptestP2@6bb4dd34]" started-at="2023-11-25T10:04:21 IST" name="closebrowser" finished-at="2023-11-25T10:04:22 IST" duration-ms="714" status="PASS">
          <reporter-output>
          </reporter-output>
        </test-method> <!-- closebrowser -->
      </class> <!-- testP2.TC0001__SignuptestP2 -->
      <class name="testP2.TC0006__InvalidLogin">
        <test-method is-config="true" signature="browserlaunch(java.lang.String,java.lang.String)[pri:0, instance:testP2.TC0006__InvalidLogin@33f676f6]" started-at="2023-11-25T10:08:11 IST" name="browserlaunch" finished-at="2023-11-25T10:08:20 IST" duration-ms="8549" status="PASS">
          <params>
            <param index="0">
              <value>
                <![CDATA[https://www.spicejet.com/]]>
              </value>
            </param>
            <param index="1">
              <value>
                <![CDATA[chrome]]>
              </value>
            </param>
          </params>
          <reporter-output>
          </reporter-output>
        </test-method> <!-- browserlaunch -->
        <test-method signature="invalidlogin()[pri:6, instance:testP2.TC0006__InvalidLogin@33f676f6]" started-at="2023-11-25T10:08:20 IST" name="invalidlogin" finished-at="2023-11-25T10:08:20 IST" duration-ms="727" status="PASS">
          <reporter-output>
          </reporter-output>
        </test-method> <!-- invalidlogin -->
        <test-method is-config="true" signature="closebrowser()[pri:0, instance:testP2.TC0006__InvalidLogin@33f676f6]" started-at="2023-11-25T10:08:21 IST" name="closebrowser" finished-at="2023-11-25T10:08:21 IST" duration-ms="611" status="PASS">
          <reporter-output>
          </reporter-output>
        </test-method> <!-- closebrowser -->
      </class> <!-- testP2.TC0006__InvalidLogin -->
    </test> <!-- Test -->
  </suite> <!-- Suite -->
</testng-results>
